<?xml version="1.0" encoding="UTF-8"?>
<!-- Generated by org.testng.reporters.JUnitReportReporter -->
<testsuite skipped="0" hostname="INBADPBALARAJU" name="com.Monster.Tests.sampleTEst" tests="1" failures="0" timestamp="26 Dec 2018 10:01:37 GMT" time="0.008" errors="0">
  <testcase name="sample1" time="0.008" classname="com.Monster.Tests.sampleTEst"/>
</testsuite> <!-- com.Monster.Tests.sampleTEst -->
