<?xml version="1.0" encoding="UTF-8"?>
<!-- Generated by org.testng.reporters.JUnitReportReporter -->
<testsuite skipped="0" hostname="INBADPBALARAJU" name="com.Monster.Tests.multipleWindows" tests="1" failures="0" timestamp="27 Dec 2018 10:21:58 GMT" time="37.672" errors="0">
  <testcase name="methodSample" time="37.672" classname="com.Monster.Tests.multipleWindows"/>
</testsuite> <!-- com.Monster.Tests.multipleWindows -->
